<?xml version="1.0" encoding="UTF-8"?>
<!-- Generated by org.testng.reporters.JUnitXMLReporter -->
<testsuite ignored="3" hostname="DESKTOP-RIVO21Q" failures="0" tests="1" name="Default test" time="13.416" errors="0" timestamp="2023-01-13T10:15:48 IST">
  <testcase classname="SwagLab_Login_test.HomePage_test" name="verify_dropdown_LowtoHigh" time="1.4"/>
  <testcase classname="SwagLab_Login_test.HomePage_test" name="Verify_selected_Item" time="0.0">
    <ignored/>
  </testcase> <!-- Verify_selected_Item -->
  <testcase classname="SwagLab_Login_test.HomePage_test" name="Verify_AddtoCart_Text_Change" time="0.0">
    <ignored/>
  </testcase> <!-- Verify_AddtoCart_Text_Change -->
  <testcase classname="SwagLab_Login_test.HomePage_test" name="Verify_Logo" time="0.0">
    <ignored/>
  </testcase> <!-- Verify_Logo -->
</testsuite> <!-- Default test -->
