<?xml version="1.0" encoding="UTF-8"?>
<!-- Generated by org.testng.reporters.JUnitXMLReporter -->
<testsuite ignored="0" hostname="DESKTOP-RIVO21Q" failures="0" tests="3" name="Test" time="10.078" errors="0" timestamp="2023-01-12T22:08:11 IST">
  <testcase classname="SwagLab_Login_test.HomePage_test" name="Verify_Logo" time="0.089"/>
  <testcase classname="SwagLab_Login_test.Login_Test" name="Verify_Login_Using_Valid_Cred" time="2.796"/>
  <testcase classname="SwagLab_Login_test.HomePage_test" name="Verify_AddtoCart_Text_Change" time="1.605"/>
</testsuite> <!-- Test -->
