<?xml version="1.0" encoding="UTF-8"?>
<testng-results ignored="0" total="3" passed="3" failed="0" skipped="0">
  <reporter-output>
    <line>
      <![CDATA[https://www.saucedemo.com/inventory.html]]>
    </line>
  </reporter-output>
  <suite started-at="2023-01-12T22:08:01 IST" name="Suite" finished-at="2023-01-12T22:08:11 IST" duration-ms="10078">
    <groups>
    </groups>
    <test started-at="2023-01-12T22:08:01 IST" name="Test" finished-at="2023-01-12T22:08:11 IST" duration-ms="10078">
      <class name="SwagLab_Login_test.Login_Test">
        <test-method is-config="true" signature="OpenBrowser()[pri:0, instance:SwagLab_Login_test.Login_Test@29215f06]" started-at="2023-01-12T22:08:01 IST" name="OpenBrowser" finished-at="2023-01-12T22:08:08 IST" duration-ms="6407" status="PASS">
          <reporter-output>
          </reporter-output>
        </test-method> <!-- OpenBrowser -->
        <test-method signature="Verify_Login_Using_Valid_Cred()[pri:0, instance:SwagLab_Login_test.Login_Test@29215f06]" started-at="2023-01-12T22:08:08 IST" name="Verify_Login_Using_Valid_Cred" finished-at="2023-01-12T22:08:11 IST" duration-ms="2796" status="PASS">
          <reporter-output>
            <line>
              <![CDATA[https://www.saucedemo.com/inventory.html]]>
            </line>
          </reporter-output>
        </test-method> <!-- Verify_Login_Using_Valid_Cred -->
        <test-method is-config="true" signature="screenshot(org.testng.ITestResult)[pri:0, instance:SwagLab_Login_test.Login_Test@29215f06]" started-at="2023-01-12T22:08:11 IST" name="screenshot" finished-at="2023-01-12T22:08:11 IST" duration-ms="1" status="PASS">
          <params>
            <param index="0">
              <value>
                <![CDATA[[TestResult name=Verify_Login_Using_Valid_Cred status=SUCCESS method=Login_Test.Verify_Login_Using_Valid_Cred()[pri:0, instance:SwagLab_Login_test.Login_Test@29215f06] output=https://www.saucedemo.com/inventory.html]]]>
              </value>
            </param>
          </params>
          <reporter-output>
          </reporter-output>
        </test-method> <!-- screenshot -->
        <test-method is-config="true" signature="Close_Browser()[pri:0, instance:SwagLab_Login_test.Login_Test@29215f06]" started-at="2023-01-12T22:08:11 IST" name="Close_Browser" finished-at="2023-01-12T22:08:11 IST" duration-ms="711" status="PASS">
          <reporter-output>
          </reporter-output>
        </test-method> <!-- Close_Browser -->
      </class> <!-- SwagLab_Login_test.Login_Test -->
      <class name="SwagLab_Login_test.HomePage_test">
        <test-method is-config="true" signature="Open_Browser()[pri:0, instance:SwagLab_Login_test.HomePage_test@72e5a8e]" started-at="2023-01-12T22:08:01 IST" name="Open_Browser" finished-at="2023-01-12T22:08:07 IST" duration-ms="5946" status="PASS">
          <reporter-output>
          </reporter-output>
        </test-method> <!-- Open_Browser -->
        <test-method is-config="true" signature="Login()[pri:0, instance:SwagLab_Login_test.HomePage_test@72e5a8e]" started-at="2023-01-12T22:08:07 IST" name="Login" finished-at="2023-01-12T22:08:08 IST" duration-ms="682" status="PASS">
          <reporter-output>
          </reporter-output>
        </test-method> <!-- Login -->
        <test-method signature="Verify_Logo()[pri:1, instance:SwagLab_Login_test.HomePage_test@72e5a8e]" started-at="2023-01-12T22:08:08 IST" name="Verify_Logo" finished-at="2023-01-12T22:08:08 IST" duration-ms="89" status="PASS">
          <reporter-output>
          </reporter-output>
        </test-method> <!-- Verify_Logo -->
        <test-method is-config="true" signature="Logout(org.testng.ITestResult)[pri:0, instance:SwagLab_Login_test.HomePage_test@72e5a8e]" started-at="2023-01-12T22:08:08 IST" name="Logout" finished-at="2023-01-12T22:08:08 IST" duration-ms="307" status="PASS">
          <params>
            <param index="0">
              <value>
                <![CDATA[[TestResult name=Verify_Logo status=SUCCESS method=HomePage_test.Verify_Logo()[pri:1, instance:SwagLab_Login_test.HomePage_test@72e5a8e] output={null}]]]>
              </value>
            </param>
          </params>
          <reporter-output>
          </reporter-output>
        </test-method> <!-- Logout -->
        <test-method is-config="true" signature="Login()[pri:0, instance:SwagLab_Login_test.HomePage_test@72e5a8e]" started-at="2023-01-12T22:08:08 IST" name="Login" finished-at="2023-01-12T22:08:09 IST" duration-ms="597" status="PASS">
          <reporter-output>
          </reporter-output>
        </test-method> <!-- Login -->
        <test-method signature="Verify_AddtoCart_Text_Change()[pri:2, instance:SwagLab_Login_test.HomePage_test@72e5a8e]" started-at="2023-01-12T22:08:09 IST" name="Verify_AddtoCart_Text_Change" finished-at="2023-01-12T22:08:11 IST" duration-ms="1605" status="PASS">
          <reporter-output>
          </reporter-output>
        </test-method> <!-- Verify_AddtoCart_Text_Change -->
        <test-method is-config="true" signature="Logout(org.testng.ITestResult)[pri:0, instance:SwagLab_Login_test.HomePage_test@72e5a8e]" started-at="2023-01-12T22:08:11 IST" name="Logout" finished-at="2023-01-12T22:08:11 IST" duration-ms="265" status="PASS">
          <params>
            <param index="0">
              <value>
                <![CDATA[[TestResult name=Verify_AddtoCart_Text_Change status=SUCCESS method=HomePage_test.Verify_AddtoCart_Text_Change()[pri:2, instance:SwagLab_Login_test.HomePage_test@72e5a8e] output={null}]]]>
              </value>
            </param>
          </params>
          <reporter-output>
          </reporter-output>
        </test-method> <!-- Logout -->
        <test-method is-config="true" signature="Close_Browser()[pri:0, instance:SwagLab_Login_test.HomePage_test@72e5a8e]" started-at="2023-01-12T22:08:11 IST" name="Close_Browser" finished-at="2023-01-12T22:08:11 IST" duration-ms="504" status="PASS">
          <reporter-output>
          </reporter-output>
        </test-method> <!-- Close_Browser -->
      </class> <!-- SwagLab_Login_test.HomePage_test -->
    </test> <!-- Test -->
  </suite> <!-- Suite -->
</testng-results>
