<?xml version="1.0" encoding="UTF-8"?>
<testng-results ignored="3" total="4" passed="1" failed="0" skipped="0">
  <reporter-output>
  </reporter-output>
  <suite started-at="2023-01-13T10:15:34 IST" name="Default suite" finished-at="2023-01-13T10:15:48 IST" duration-ms="13416">
    <groups>
    </groups>
    <test started-at="2023-01-13T10:15:34 IST" name="Default test" finished-at="2023-01-13T10:15:48 IST" duration-ms="13416">
      <class name="SwagLab_Login_test.HomePage_test">
        <test-method is-config="true" signature="Open_Browser()[pri:0, instance:SwagLab_Login_test.HomePage_test@d9345cd]" started-at="2023-01-13T10:15:34 IST" name="Open_Browser" finished-at="2023-01-13T10:15:39 IST" duration-ms="4544" status="PASS">
          <reporter-output>
          </reporter-output>
        </test-method> <!-- Open_Browser -->
        <test-method is-config="true" signature="Login()[pri:0, instance:SwagLab_Login_test.HomePage_test@d9345cd]" started-at="2023-01-13T10:15:39 IST" name="Login" finished-at="2023-01-13T10:15:43 IST" duration-ms="3698" status="PASS">
          <reporter-output>
          </reporter-output>
        </test-method> <!-- Login -->
        <test-method signature="verify_dropdown_LowtoHigh()[pri:4, instance:SwagLab_Login_test.HomePage_test@d9345cd]" started-at="2023-01-13T10:15:43 IST" name="verify_dropdown_LowtoHigh" finished-at="2023-01-13T10:15:44 IST" duration-ms="1400" status="PASS">
          <reporter-output>
          </reporter-output>
        </test-method> <!-- verify_dropdown_LowtoHigh -->
        <test-method is-config="true" signature="Logout(org.testng.ITestResult)[pri:0, instance:SwagLab_Login_test.HomePage_test@d9345cd]" started-at="2023-01-13T10:15:44 IST" name="Logout" finished-at="2023-01-13T10:15:46 IST" duration-ms="2186" status="PASS">
          <params>
            <param index="0">
              <value>
                <![CDATA[[TestResult name=verify_dropdown_LowtoHigh status=SUCCESS method=HomePage_test.verify_dropdown_LowtoHigh()[pri:4, instance:SwagLab_Login_test.HomePage_test@d9345cd] output={null}]]]>
              </value>
            </param>
          </params>
          <reporter-output>
          </reporter-output>
        </test-method> <!-- Logout -->
        <test-method is-config="true" signature="Close_Browser()[pri:0, instance:SwagLab_Login_test.HomePage_test@d9345cd]" started-at="2023-01-13T10:15:46 IST" name="Close_Browser" finished-at="2023-01-13T10:15:48 IST" duration-ms="1520" status="PASS">
          <reporter-output>
          </reporter-output>
        </test-method> <!-- Close_Browser -->
      </class> <!-- SwagLab_Login_test.HomePage_test -->
    </test> <!-- Default test -->
  </suite> <!-- Default suite -->
</testng-results>
